<?xml version="1.0" encoding="UTF-8"?>
<!-- Generated by org.testng.reporters.JUnitReportReporter -->
<testsuite skipped="0" hostname="DESKTOP-AIBD1RS" name="cucumberOptions.TestRunner" tests="1" failures="0" timestamp="2020-04-03T11:33:57 IST" time="141.508" errors="0">
  <testcase name="feature" time="141.508" classname="cucumberOptions.TestRunner"/>
</testsuite> <!-- cucumberOptions.TestRunner -->
