<?xml version="1.0" encoding="UTF-8"?>
<!-- Generated by org.testng.reporters.JUnitReportReporter -->
<testsuite skipped="0" hostname="DESKTOP-AIBD1RS" name="hybrid.AssertionTest" tests="1" failures="0" timestamp="2020-03-30T13:14:19 IST" time="17.316" errors="0">
  <testcase name="Text" time="17.316" classname="hybrid.AssertionTest"/>
</testsuite> <!-- hybrid.AssertionTest -->
