<?xml version="1.0" encoding="UTF-8"?>
<!-- Generated by org.testng.reporters.JUnitReportReporter -->
<testsuite skipped="0" hostname="DESKTOP-AIBD1RS" name="hybrid.HomePage" tests="1" failures="0" timestamp="2020-03-30T10:10:10 IST" time="20.830" errors="0">
  <testcase name="homePage" time="20.830" classname="hybrid.HomePage"/>
</testsuite> <!-- hybrid.HomePage -->
