<?xml version="1.0" encoding="UTF-8"?>
<!-- Generated by org.testng.reporters.JUnitReportReporter -->
<testsuite skipped="0" hostname="DESKTOP-AIBD1RS" name="hybrid.validationNav" tests="1" failures="0" timestamp="2020-04-07T00:08:26 IST" time="0.078" errors="0">
  <testcase name="nav" time="0.078" classname="hybrid.validationNav"/>
</testsuite> <!-- hybrid.validationNav -->
